<?xml version="1.0" encoding="UTF-8"?>
<testsuite xmlns:xsi="http://www.w3.org/2001/XMLSchema-instance" xsi:noNamespaceSchemaLocation="https://maven.apache.org/surefire/maven-surefire-plugin/xsd/surefire-test-report.xsd" name="SeleniumFileTest" time="84.438" tests="4" errors="0" skipped="0" failures="0">
  <properties>
[...]
</properties>
  <testcase name="loginTest" classname="SeleniumFileTest" time="27.725"/>
  <testcase name="testgooglrsearch" classname="SeleniumFileTest" time="22.133"/>
  <testcase name="loginTest_fail" classname="SeleniumFileTest" time="34.574"/>
  <testcase name="alwaysTrue" classname="SeleniumFileTest" time="0"/>
</testsuite>